<?xml version="1.0" encoding="UTF-8"?>
<testsuite xmlns:xsi="http://www.w3.org/2001/XMLSchema-instance" xsi:noNamespaceSchemaLocation="https://maven.apache.org/surefire/maven-failsafe-plugin/xsd/failsafe-test-report-3.0.xsd" version="3.0" name="integration.AddressResolverIT" time="4.732" tests="2" errors="0" skipped="0" failures="0">
  <properties>
[...]
</properties>
  <testcase name="whenBadCoordinates_thenReturnNoValidAddress" classname="integration.AddressResolverIT" time="4.338">
    <system-err><![CDATA[Mar 19, 2022 11:34:17 PM geocoding.AddressResolver findAddressForLocation
INFO: {"info":{"statuscode":0,"copyright":{"text":"\u00A9 2022 MapQuest, Inc.","imageUrl":"http://api.mqcdn.com/res/mqlogo.gif","imageAltText":"\u00A9 2022 MapQuest, Inc."},"messages":[]},"options":{"maxResults":1,"thumbMaps":true,"ignoreLatLngInput":false},"results":[{"providedLocation":{"latLng":{"lat":-300.0,"lng":-810.0}},"locations":[]}]}
]]></system-err>
  </testcase>
  <testcase name="whenResolveAlboiGps_returnCaisAlboiAddress" classname="integration.AddressResolverIT" time="0.374">
    <system-err><![CDATA[Mar 19, 2022 11:34:18 PM geocoding.AddressResolver findAddressForLocation
INFO: {"info":{"statuscode":0,"copyright":{"text":"\u00A9 2022 MapQuest, Inc.","imageUrl":"http://api.mqcdn.com/res/mqlogo.gif","imageAltText":"\u00A9 2022 MapQuest, Inc."},"messages":[]},"options":{"maxResults":1,"thumbMaps":true,"ignoreLatLngInput":false},"results":[{"providedLocation":{"latLng":{"lat":40.640661,"lng":-8.656688}},"locations":[{"street":"Cais do Alboi","adminArea6":"","adminArea6Type":"Neighborhood","adminArea5":"Gl\u00F3ria e Vera Cruz","adminArea5Type":"City","adminArea4":"","adminArea4Type":"County","adminArea3":"Centro","adminArea3Type":"State","adminArea1":"PT","adminArea1Type":"Country","postalCode":"3800-246","geocodeQualityCode":"B1AAA","geocodeQuality":"STREET","dragPoint":false,"sideOfStreet":"N","linkId":"0","unknownInput":"","type":"s","latLng":{"lat":40.640524,"lng":-8.656713},"displayLatLng":{"lat":40.640524,"lng":-8.656713},"mapUrl":"http://open.mapquestapi.com/staticmap/v5/map?key=iBOFiJjeiqs83AkCwqa7oQqzAdOF7ywG&type=map&size=225,160&locations=40.64052368145179,-8.656712986761146|marker-sm-50318A-1&scalebar=true&zoom=15&rand=1176301741","roadMetadata":null}]}]}
]]></system-err>
  </testcase>
</testsuite>